# JRE version: Java(TM) SE Runtime Environment (9.0+11) (build 9.0.4+11)
# Java VM: Java HotSpot(TM) 64-Bit Server VM (9.0.4+11, mixed mode, tiered, compressed oops, g1 gc, windows-amd64)
Heap:
 garbage-first heap   total 227328K, used 117436K [0x0000000700000000, 0x00000007001006f0, 0x00000007c0000000)
  region size 1024K, 31 young (31744K), 2 survivors (2048K)
 Metaspace       used 88300K, capacity 91833K, committed 95616K, reserved 1132544K
  class space    used 11917K, capacity 12593K, committed 13440K, reserved 1048576K
GC Heap History (10 events):
Event: 4438.544 GC heap before
{Heap before GC invocations=337 (full 5):
 garbage-first heap   total 227328K, used 147019K [0x0000000700000000, 0x00000007001006f0, 0x00000007c0000000)
  region size 1024K, 60 young (61440K), 7 survivors (7168K)
 Metaspace       used 87385K, capacity 90243K, committed 94976K, reserved 1130496K
  class space    used 11756K, capacity 12326K, committed 13312K, reserved 1048576K
}
Event: 4438.549 GC heap after
{Heap after GC invocations=338 (full 5):
 garbage-first heap   total 227328K, used 92193K [0x0000000700000000, 0x00000007001006f0, 0x00000007c0000000)
  region size 1024K, 4 young (4096K), 4 survivors (4096K)
 Metaspace       used 87385K, capacity 90243K, committed 94976K, reserved 1130496K
  class space    used 11756K, capacity 12326K, committed 13312K, reserved 1048576K
}
Event: 4466.811 GC heap before
{Heap before GC invocations=338 (full 5):
 garbage-first heap   total 227328K, used 149537K [0x0000000700000000, 0x00000007001006f0, 0x00000007c0000000)
  region size 1024K, 60 young (61440K), 4 survivors (4096K)
 Metaspace       used 87397K, capacity 90243K, committed 94976K, reserved 1130496K
  class space    used 11756K, capacity 12326K, committed 13312K, reserved 1048576K
}
Event: 4466.815 GC heap after
{Heap after GC invocations=339 (full 5):
 garbage-first heap   total 227328K, used 91307K [0x0000000700000000, 0x00000007001006f0, 0x00000007c0000000)
  region size 1024K, 3 young (3072K), 3 survivors (3072K)
 Metaspace       used 87397K, capacity 90243K, committed 94976K, reserved 1130496K
  class space    used 11756K, capacity 12326K, committed 13312K, reserved 1048576K
}
Event: 4467.611 GC heap before
{Heap before GC invocations=339 (full 5):
 garbage-first heap   total 227328K, used 149675K [0x0000000700000000, 0x00000007001006f0, 0x00000007c0000000)
  region size 1024K, 60 young (61440K), 3 survivors (3072K)
 Metaspace       used 87406K, capacity 90243K, committed 94976K, reserved 1130496K
  class space    used 11757K, capacity 12326K, committed 13312K, reserved 1048576K
}
Event: 4467.614 GC heap after
{Heap after GC invocations=340 (full 5):
 garbage-first heap   total 227328K, used 91446K [0x0000000700000000, 0x00000007001006f0, 0x00000007c0000000)
  region size 1024K, 4 young (4096K), 4 survivors (4096K)
 Metaspace       used 87406K, capacity 90243K, committed 94976K, reserved 1130496K
  class space    used 11757K, capacity 12326K, committed 13312K, reserved 1048576K
}
Event: 4468.841 GC heap before
{Heap before GC invocations=340 (full 5):
 garbage-first heap   total 227328K, used 122166K [0x0000000700000000, 0x00000007001006f0, 0x00000007c0000000)
  region size 1024K, 35 young (35840K), 4 survivors (4096K)
 Metaspace       used 87453K, capacity 90313K, committed 95232K, reserved 1130496K
  class space    used 11758K, capacity 12327K, committed 13312K, reserved 1048576K
}
Event: 4469.094 GC heap after
{Heap after GC invocations=341 (full 6):
 garbage-first heap   total 227328K, used 87049K [0x0000000700000000, 0x00000007001006f0, 0x00000007c0000000)
  region size 1024K, 0 young (0K), 0 survivors (0K)
 Metaspace       used 87453K, capacity 90313K, committed 95232K, reserved 1130496K
  class space    used 11758K, capacity 12327K, committed 13312K, reserved 1048576K
}
Event: 4469.995 GC heap before
{Heap before GC invocations=341 (full 6):
 garbage-first heap   total 227328K, used 148489K [0x0000000700000000, 0x00000007001006f0, 0x00000007c0000000)
  region size 1024K, 60 young (61440K), 0 survivors (0K)
 Metaspace       used 88108K, capacity 91433K, committed 95360K, reserved 1130496K
  class space    used 11892K, capacity 12547K, committed 13440K, reserved 1048576K
}
Event: 4469.998 GC heap after
{Heap after GC invocations=342 (full 6):
 garbage-first heap   total 227328K, used 88764K [0x0000000700000000, 0x00000007001006f0, 0x00000007c0000000)
  region size 1024K, 2 young (2048K), 2 survivors (2048K)
 Metaspace       used 88108K, capacity 91433K, committed 95360K, reserved 1130496K
  class space    used 11892K, capacity 12547K, committed 13440K, reserved 1048576K
}

