# JRE version: Java(TM) SE Runtime Environment (9.0+11) (build 9.0.4+11)
# Java VM: Java HotSpot(TM) 64-Bit Server VM (9.0.4+11, mixed mode, tiered, compressed oops, g1 gc, windows-amd64)
Heap:
 garbage-first heap   total 189440K, used 122214K [0x0000000700000000, 0x00000007001005c8, 0x00000007c0000000)
  region size 1024K, 55 young (56320K), 0 survivors (0K)
 Metaspace       used 75867K, capacity 80373K, committed 80512K, reserved 1118208K
  class space    used 10577K, capacity 11371K, committed 11392K, reserved 1048576K
GC Heap History (10 events):
Event: 37.313 GC heap before
{Heap before GC invocations=27 (full 1):
 garbage-first heap   total 189440K, used 126173K [0x0000000700000000, 0x00000007001005c8, 0x00000007c0000000)
  region size 1024K, 60 young (61440K), 4 survivors (4096K)
 Metaspace       used 70235K, capacity 74153K, committed 74496K, reserved 1114112K
  class space    used 9671K, capacity 10379K, committed 10496K, reserved 1048576K
}
Event: 37.317 GC heap after
{Heap after GC invocations=28 (full 1):
 garbage-first heap   total 189440K, used 68675K [0x0000000700000000, 0x00000007001005c8, 0x00000007c0000000)
  region size 1024K, 4 young (4096K), 4 survivors (4096K)
 Metaspace       used 70235K, capacity 74153K, committed 74496K, reserved 1114112K
  class space    used 9671K, capacity 10379K, committed 10496K, reserved 1048576K
}
Event: 38.568 GC heap before
{Heap before GC invocations=28 (full 1):
 garbage-first heap   total 189440K, used 126019K [0x0000000700000000, 0x00000007001005c8, 0x00000007c0000000)
  region size 1024K, 60 young (61440K), 4 survivors (4096K)
 Metaspace       used 71849K, capacity 75815K, committed 76032K, reserved 1114112K
  class space    used 9961K, capacity 10656K, committed 10752K, reserved 1048576K
}
Event: 38.576 GC heap after
{Heap after GC invocations=29 (full 1):
 garbage-first heap   total 189440K, used 73231K [0x0000000700000000, 0x00000007001005c8, 0x00000007c0000000)
  region size 1024K, 8 young (8192K), 8 survivors (8192K)
 Metaspace       used 71849K, capacity 75815K, committed 76032K, reserved 1114112K
  class space    used 9961K, capacity 10656K, committed 10752K, reserved 1048576K
}
Event: 38.858 GC heap before
{Heap before GC invocations=29 (full 1):
 garbage-first heap   total 189440K, used 126479K [0x0000000700000000, 0x00000007001005c8, 0x00000007c0000000)
  region size 1024K, 60 young (61440K), 8 survivors (8192K)
 Metaspace       used 72236K, capacity 76235K, committed 76544K, reserved 1116160K
  class space    used 9998K, capacity 10688K, committed 10752K, reserved 1048576K
}
Event: 38.864 GC heap after
{Heap after GC invocations=30 (full 1):
 garbage-first heap   total 189440K, used 72857K [0x0000000700000000, 0x00000007001005c8, 0x00000007c0000000)
  region size 1024K, 2 young (2048K), 2 survivors (2048K)
 Metaspace       used 72236K, capacity 76235K, committed 76544K, reserved 1116160K
  class space    used 9998K, capacity 10688K, committed 10752K, reserved 1048576K
}
Event: 39.711 GC heap before
{Heap before GC invocations=30 (full 1):
 garbage-first heap   total 189440K, used 132249K [0x0000000700000000, 0x00000007001005c8, 0x00000007c0000000)
  region size 1024K, 60 young (61440K), 2 survivors (2048K)
 Metaspace       used 74508K, capacity 78761K, committed 78848K, reserved 1116160K
  class space    used 10401K, capacity 11185K, committed 11264K, reserved 1048576K
}
Event: 39.716 GC heap after
{Heap after GC invocations=31 (full 1):
 garbage-first heap   total 189440K, used 74692K [0x0000000700000000, 0x00000007001005c8, 0x00000007c0000000)
  region size 1024K, 4 young (4096K), 4 survivors (4096K)
 Metaspace       used 74508K, capacity 78761K, committed 78848K, reserved 1116160K
  class space    used 10401K, capacity 11185K, committed 11264K, reserved 1048576K
}
Event: 41.583 GC heap before
{Heap before GC invocations=31 (full 1):
 garbage-first heap   total 189440K, used 102340K [0x0000000700000000, 0x00000007001005c8, 0x00000007c0000000)
  region size 1024K, 31 young (31744K), 4 survivors (4096K)
 Metaspace       used 75652K, capacity 80235K, committed 80512K, reserved 1118208K
  class space    used 10574K, capacity 11370K, committed 11392K, reserved 1048576K
}
Event: 41.753 GC heap after
{Heap after GC invocations=32 (full 2):
 garbage-first heap   total 189440K, used 66918K [0x0000000700000000, 0x00000007001005c8, 0x00000007c0000000)
  region size 1024K, 0 young (0K), 0 survivors (0K)
 Metaspace       used 75652K, capacity 80235K, committed 80512K, reserved 1118208K
  class space    used 10574K, capacity 11370K, committed 11392K, reserved 1048576K
}

